CRITICAL - 2023-06-06 07:50:57 --> The framework needs the following extension(s) installed and loaded: intl.
in SYSTEMPATH\CodeIgniter.php on line 226.
 1 SYSTEMPATH\CodeIgniter.php(226): CodeIgniter\Exceptions\FrameworkException::forMissingExtension('intl')
 2 SYSTEMPATH\CodeIgniter.php(190): CodeIgniter\CodeIgniter->resolvePlatformExtensions()
 3 FCPATH\index.php(55): CodeIgniter\CodeIgniter->initialize()
CRITICAL - 2023-06-06 06:09:57 --> Undefined variable $categories
in APPPATH\Views\auth_login.php on line 46.
 1 APPPATH\Views\auth_login.php(46): CodeIgniter\Debug\Exceptions->errorHandler(2, 'Undefined variable $categories', 'C:\\xampp\\htdocs\\tweetclone\\app\\Views\\auth_login.php', 46)
 2 SYSTEMPATH\View\View.php(213): include('C:\\xampp\\htdocs\\tweetclone\\app\\Views\\auth_login.php')
 3 SYSTEMPATH\View\View.php(216): CodeIgniter\View\View->CodeIgniter\View\{closure}()
 4 SYSTEMPATH\Common.php(1184): CodeIgniter\View\View->render('auth_login', [], true)
 5 APPPATH\Controllers\Auth.php(11): view('auth_login')
 6 SYSTEMPATH\CodeIgniter.php(934): App\Controllers\Auth->index()
 7 SYSTEMPATH\CodeIgniter.php(499): CodeIgniter\CodeIgniter->runController(Object(App\Controllers\Auth))
 8 SYSTEMPATH\CodeIgniter.php(368): CodeIgniter\CodeIgniter->handleRequest(null, Object(Config\Cache), false)
 9 FCPATH\index.php(67): CodeIgniter\CodeIgniter->run()
CRITICAL - 2023-06-06 06:10:30 --> Undefined variable $categories
in APPPATH\Views\auth_login.php on line 46.
 1 APPPATH\Views\auth_login.php(46): CodeIgniter\Debug\Exceptions->errorHandler(2, 'Undefined variable $categories', 'C:\\xampp\\htdocs\\tweetclone\\app\\Views\\auth_login.php', 46)
 2 SYSTEMPATH\View\View.php(213): include('C:\\xampp\\htdocs\\tweetclone\\app\\Views\\auth_login.php')
 3 SYSTEMPATH\View\View.php(216): CodeIgniter\View\View->CodeIgniter\View\{closure}()
 4 SYSTEMPATH\Common.php(1184): CodeIgniter\View\View->render('auth_login', [], true)
 5 APPPATH\Controllers\Auth.php(11): view('auth_login')
 6 SYSTEMPATH\CodeIgniter.php(934): App\Controllers\Auth->index()
 7 SYSTEMPATH\CodeIgniter.php(499): CodeIgniter\CodeIgniter->runController(Object(App\Controllers\Auth))
 8 SYSTEMPATH\CodeIgniter.php(368): CodeIgniter\CodeIgniter->handleRequest(null, Object(Config\Cache), false)
 9 FCPATH\index.php(67): CodeIgniter\CodeIgniter->run()
CRITICAL - 2023-06-06 06:10:31 --> Undefined variable $categories
in APPPATH\Views\auth_login.php on line 46.
 1 APPPATH\Views\auth_login.php(46): CodeIgniter\Debug\Exceptions->errorHandler(2, 'Undefined variable $categories', 'C:\\xampp\\htdocs\\tweetclone\\app\\Views\\auth_login.php', 46)
 2 SYSTEMPATH\View\View.php(213): include('C:\\xampp\\htdocs\\tweetclone\\app\\Views\\auth_login.php')
 3 SYSTEMPATH\View\View.php(216): CodeIgniter\View\View->CodeIgniter\View\{closure}()
 4 SYSTEMPATH\Common.php(1184): CodeIgniter\View\View->render('auth_login', [], true)
 5 APPPATH\Controllers\Auth.php(11): view('auth_login')
 6 SYSTEMPATH\CodeIgniter.php(934): App\Controllers\Auth->index()
 7 SYSTEMPATH\CodeIgniter.php(499): CodeIgniter\CodeIgniter->runController(Object(App\Controllers\Auth))
 8 SYSTEMPATH\CodeIgniter.php(368): CodeIgniter\CodeIgniter->handleRequest(null, Object(Config\Cache), false)
 9 FCPATH\index.php(67): CodeIgniter\CodeIgniter->run()
CRITICAL - 2023-06-06 06:10:31 --> Undefined variable $categories
in APPPATH\Views\auth_login.php on line 46.
 1 APPPATH\Views\auth_login.php(46): CodeIgniter\Debug\Exceptions->errorHandler(2, 'Undefined variable $categories', 'C:\\xampp\\htdocs\\tweetclone\\app\\Views\\auth_login.php', 46)
 2 SYSTEMPATH\View\View.php(213): include('C:\\xampp\\htdocs\\tweetclone\\app\\Views\\auth_login.php')
 3 SYSTEMPATH\View\View.php(216): CodeIgniter\View\View->CodeIgniter\View\{closure}()
 4 SYSTEMPATH\Common.php(1184): CodeIgniter\View\View->render('auth_login', [], true)
 5 APPPATH\Controllers\Auth.php(11): view('auth_login')
 6 SYSTEMPATH\CodeIgniter.php(934): App\Controllers\Auth->index()
 7 SYSTEMPATH\CodeIgniter.php(499): CodeIgniter\CodeIgniter->runController(Object(App\Controllers\Auth))
 8 SYSTEMPATH\CodeIgniter.php(368): CodeIgniter\CodeIgniter->handleRequest(null, Object(Config\Cache), false)
 9 FCPATH\index.php(67): CodeIgniter\CodeIgniter->run()
CRITICAL - 2023-06-06 06:10:31 --> Undefined variable $categories
in APPPATH\Views\auth_login.php on line 46.
 1 APPPATH\Views\auth_login.php(46): CodeIgniter\Debug\Exceptions->errorHandler(2, 'Undefined variable $categories', 'C:\\xampp\\htdocs\\tweetclone\\app\\Views\\auth_login.php', 46)
 2 SYSTEMPATH\View\View.php(213): include('C:\\xampp\\htdocs\\tweetclone\\app\\Views\\auth_login.php')
 3 SYSTEMPATH\View\View.php(216): CodeIgniter\View\View->CodeIgniter\View\{closure}()
 4 SYSTEMPATH\Common.php(1184): CodeIgniter\View\View->render('auth_login', [], true)
 5 APPPATH\Controllers\Auth.php(11): view('auth_login')
 6 SYSTEMPATH\CodeIgniter.php(934): App\Controllers\Auth->index()
 7 SYSTEMPATH\CodeIgniter.php(499): CodeIgniter\CodeIgniter->runController(Object(App\Controllers\Auth))
 8 SYSTEMPATH\CodeIgniter.php(368): CodeIgniter\CodeIgniter->handleRequest(null, Object(Config\Cache), false)
 9 FCPATH\index.php(67): CodeIgniter\CodeIgniter->run()
CRITICAL - 2023-06-06 06:10:32 --> Undefined variable $categories
in APPPATH\Views\auth_login.php on line 46.
 1 APPPATH\Views\auth_login.php(46): CodeIgniter\Debug\Exceptions->errorHandler(2, 'Undefined variable $categories', 'C:\\xampp\\htdocs\\tweetclone\\app\\Views\\auth_login.php', 46)
 2 SYSTEMPATH\View\View.php(213): include('C:\\xampp\\htdocs\\tweetclone\\app\\Views\\auth_login.php')
 3 SYSTEMPATH\View\View.php(216): CodeIgniter\View\View->CodeIgniter\View\{closure}()
 4 SYSTEMPATH\Common.php(1184): CodeIgniter\View\View->render('auth_login', [], true)
 5 APPPATH\Controllers\Auth.php(11): view('auth_login')
 6 SYSTEMPATH\CodeIgniter.php(934): App\Controllers\Auth->index()
 7 SYSTEMPATH\CodeIgniter.php(499): CodeIgniter\CodeIgniter->runController(Object(App\Controllers\Auth))
 8 SYSTEMPATH\CodeIgniter.php(368): CodeIgniter\CodeIgniter->handleRequest(null, Object(Config\Cache), false)
 9 FCPATH\index.php(67): CodeIgniter\CodeIgniter->run()
CRITICAL - 2023-06-06 06:10:32 --> Undefined variable $categories
in APPPATH\Views\auth_login.php on line 46.
 1 APPPATH\Views\auth_login.php(46): CodeIgniter\Debug\Exceptions->errorHandler(2, 'Undefined variable $categories', 'C:\\xampp\\htdocs\\tweetclone\\app\\Views\\auth_login.php', 46)
 2 SYSTEMPATH\View\View.php(213): include('C:\\xampp\\htdocs\\tweetclone\\app\\Views\\auth_login.php')
 3 SYSTEMPATH\View\View.php(216): CodeIgniter\View\View->CodeIgniter\View\{closure}()
 4 SYSTEMPATH\Common.php(1184): CodeIgniter\View\View->render('auth_login', [], true)
 5 APPPATH\Controllers\Auth.php(11): view('auth_login')
 6 SYSTEMPATH\CodeIgniter.php(934): App\Controllers\Auth->index()
 7 SYSTEMPATH\CodeIgniter.php(499): CodeIgniter\CodeIgniter->runController(Object(App\Controllers\Auth))
 8 SYSTEMPATH\CodeIgniter.php(368): CodeIgniter\CodeIgniter->handleRequest(null, Object(Config\Cache), false)
 9 FCPATH\index.php(67): CodeIgniter\CodeIgniter->run()
CRITICAL - 2023-06-06 06:10:58 --> Undefined variable $categories
in APPPATH\Views\auth_login.php on line 46.
 1 APPPATH\Views\auth_login.php(46): CodeIgniter\Debug\Exceptions->errorHandler(2, 'Undefined variable $categories', 'C:\\xampp\\htdocs\\tweetclone\\app\\Views\\auth_login.php', 46)
 2 SYSTEMPATH\View\View.php(213): include('C:\\xampp\\htdocs\\tweetclone\\app\\Views\\auth_login.php')
 3 SYSTEMPATH\View\View.php(216): CodeIgniter\View\View->CodeIgniter\View\{closure}()
 4 SYSTEMPATH\Common.php(1184): CodeIgniter\View\View->render('auth_login', [], true)
 5 APPPATH\Controllers\Auth.php(11): view('auth_login')
 6 SYSTEMPATH\CodeIgniter.php(934): App\Controllers\Auth->index()
 7 SYSTEMPATH\CodeIgniter.php(499): CodeIgniter\CodeIgniter->runController(Object(App\Controllers\Auth))
 8 SYSTEMPATH\CodeIgniter.php(368): CodeIgniter\CodeIgniter->handleRequest(null, Object(Config\Cache), false)
 9 FCPATH\index.php(67): CodeIgniter\CodeIgniter->run()
CRITICAL - 2023-06-06 06:10:58 --> Undefined variable $categories
in APPPATH\Views\auth_login.php on line 46.
 1 APPPATH\Views\auth_login.php(46): CodeIgniter\Debug\Exceptions->errorHandler(2, 'Undefined variable $categories', 'C:\\xampp\\htdocs\\tweetclone\\app\\Views\\auth_login.php', 46)
 2 SYSTEMPATH\View\View.php(213): include('C:\\xampp\\htdocs\\tweetclone\\app\\Views\\auth_login.php')
 3 SYSTEMPATH\View\View.php(216): CodeIgniter\View\View->CodeIgniter\View\{closure}()
 4 SYSTEMPATH\Common.php(1184): CodeIgniter\View\View->render('auth_login', [], true)
 5 APPPATH\Controllers\Auth.php(11): view('auth_login')
 6 SYSTEMPATH\CodeIgniter.php(934): App\Controllers\Auth->index()
 7 SYSTEMPATH\CodeIgniter.php(499): CodeIgniter\CodeIgniter->runController(Object(App\Controllers\Auth))
 8 SYSTEMPATH\CodeIgniter.php(368): CodeIgniter\CodeIgniter->handleRequest(null, Object(Config\Cache), false)
 9 FCPATH\index.php(67): CodeIgniter\CodeIgniter->run()
CRITICAL - 2023-06-06 06:10:59 --> Undefined variable $categories
in APPPATH\Views\auth_login.php on line 46.
 1 APPPATH\Views\auth_login.php(46): CodeIgniter\Debug\Exceptions->errorHandler(2, 'Undefined variable $categories', 'C:\\xampp\\htdocs\\tweetclone\\app\\Views\\auth_login.php', 46)
 2 SYSTEMPATH\View\View.php(213): include('C:\\xampp\\htdocs\\tweetclone\\app\\Views\\auth_login.php')
 3 SYSTEMPATH\View\View.php(216): CodeIgniter\View\View->CodeIgniter\View\{closure}()
 4 SYSTEMPATH\Common.php(1184): CodeIgniter\View\View->render('auth_login', [], true)
 5 APPPATH\Controllers\Auth.php(11): view('auth_login')
 6 SYSTEMPATH\CodeIgniter.php(934): App\Controllers\Auth->index()
 7 SYSTEMPATH\CodeIgniter.php(499): CodeIgniter\CodeIgniter->runController(Object(App\Controllers\Auth))
 8 SYSTEMPATH\CodeIgniter.php(368): CodeIgniter\CodeIgniter->handleRequest(null, Object(Config\Cache), false)
 9 FCPATH\index.php(67): CodeIgniter\CodeIgniter->run()
CRITICAL - 2023-06-06 06:10:59 --> Undefined variable $categories
in APPPATH\Views\auth_login.php on line 46.
 1 APPPATH\Views\auth_login.php(46): CodeIgniter\Debug\Exceptions->errorHandler(2, 'Undefined variable $categories', 'C:\\xampp\\htdocs\\tweetclone\\app\\Views\\auth_login.php', 46)
 2 SYSTEMPATH\View\View.php(213): include('C:\\xampp\\htdocs\\tweetclone\\app\\Views\\auth_login.php')
 3 SYSTEMPATH\View\View.php(216): CodeIgniter\View\View->CodeIgniter\View\{closure}()
 4 SYSTEMPATH\Common.php(1184): CodeIgniter\View\View->render('auth_login', [], true)
 5 APPPATH\Controllers\Auth.php(11): view('auth_login')
 6 SYSTEMPATH\CodeIgniter.php(934): App\Controllers\Auth->index()
 7 SYSTEMPATH\CodeIgniter.php(499): CodeIgniter\CodeIgniter->runController(Object(App\Controllers\Auth))
 8 SYSTEMPATH\CodeIgniter.php(368): CodeIgniter\CodeIgniter->handleRequest(null, Object(Config\Cache), false)
 9 FCPATH\index.php(67): CodeIgniter\CodeIgniter->run()
CRITICAL - 2023-06-06 06:10:59 --> Undefined variable $categories
in APPPATH\Views\auth_login.php on line 46.
 1 APPPATH\Views\auth_login.php(46): CodeIgniter\Debug\Exceptions->errorHandler(2, 'Undefined variable $categories', 'C:\\xampp\\htdocs\\tweetclone\\app\\Views\\auth_login.php', 46)
 2 SYSTEMPATH\View\View.php(213): include('C:\\xampp\\htdocs\\tweetclone\\app\\Views\\auth_login.php')
 3 SYSTEMPATH\View\View.php(216): CodeIgniter\View\View->CodeIgniter\View\{closure}()
 4 SYSTEMPATH\Common.php(1184): CodeIgniter\View\View->render('auth_login', [], true)
 5 APPPATH\Controllers\Auth.php(11): view('auth_login')
 6 SYSTEMPATH\CodeIgniter.php(934): App\Controllers\Auth->index()
 7 SYSTEMPATH\CodeIgniter.php(499): CodeIgniter\CodeIgniter->runController(Object(App\Controllers\Auth))
 8 SYSTEMPATH\CodeIgniter.php(368): CodeIgniter\CodeIgniter->handleRequest(null, Object(Config\Cache), false)
 9 FCPATH\index.php(67): CodeIgniter\CodeIgniter->run()
CRITICAL - 2023-06-06 06:10:59 --> Undefined variable $categories
in APPPATH\Views\auth_login.php on line 46.
 1 APPPATH\Views\auth_login.php(46): CodeIgniter\Debug\Exceptions->errorHandler(2, 'Undefined variable $categories', 'C:\\xampp\\htdocs\\tweetclone\\app\\Views\\auth_login.php', 46)
 2 SYSTEMPATH\View\View.php(213): include('C:\\xampp\\htdocs\\tweetclone\\app\\Views\\auth_login.php')
 3 SYSTEMPATH\View\View.php(216): CodeIgniter\View\View->CodeIgniter\View\{closure}()
 4 SYSTEMPATH\Common.php(1184): CodeIgniter\View\View->render('auth_login', [], true)
 5 APPPATH\Controllers\Auth.php(11): view('auth_login')
 6 SYSTEMPATH\CodeIgniter.php(934): App\Controllers\Auth->index()
 7 SYSTEMPATH\CodeIgniter.php(499): CodeIgniter\CodeIgniter->runController(Object(App\Controllers\Auth))
 8 SYSTEMPATH\CodeIgniter.php(368): CodeIgniter\CodeIgniter->handleRequest(null, Object(Config\Cache), false)
 9 FCPATH\index.php(67): CodeIgniter\CodeIgniter->run()
CRITICAL - 2023-06-06 06:22:32 --> Undefined variable $categories
in APPPATH\Views\auth_login.php on line 17.
 1 APPPATH\Views\auth_login.php(17): CodeIgniter\Debug\Exceptions->errorHandler(2, 'Undefined variable $categories', 'C:\\xampp\\htdocs\\tweetclone\\app\\Views\\auth_login.php', 17)
 2 SYSTEMPATH\View\View.php(213): include('C:\\xampp\\htdocs\\tweetclone\\app\\Views\\auth_login.php')
 3 SYSTEMPATH\View\View.php(216): CodeIgniter\View\View->CodeIgniter\View\{closure}()
 4 SYSTEMPATH\Common.php(1184): CodeIgniter\View\View->render('auth_login', [], true)
 5 APPPATH\Controllers\Auth.php(11): view('auth_login')
 6 SYSTEMPATH\CodeIgniter.php(934): App\Controllers\Auth->index()
 7 SYSTEMPATH\CodeIgniter.php(499): CodeIgniter\CodeIgniter->runController(Object(App\Controllers\Auth))
 8 SYSTEMPATH\CodeIgniter.php(368): CodeIgniter\CodeIgniter->handleRequest(null, Object(Config\Cache), false)
 9 FCPATH\index.php(67): CodeIgniter\CodeIgniter->run()
CRITICAL - 2023-06-06 06:47:07 --> Invalid file: "auth_register.php"
in SYSTEMPATH\Exceptions\FrameworkException.php on line 33.
 1 SYSTEMPATH\View\View.php(201): CodeIgniter\Exceptions\FrameworkException::forInvalidFile('auth_register.php')
 2 SYSTEMPATH\Common.php(1184): CodeIgniter\View\View->render('auth_register', [], true)
 3 APPPATH\Controllers\Auth.php(16): view('auth_register')
 4 SYSTEMPATH\CodeIgniter.php(934): App\Controllers\Auth->register()
 5 SYSTEMPATH\CodeIgniter.php(499): CodeIgniter\CodeIgniter->runController(Object(App\Controllers\Auth))
 6 SYSTEMPATH\CodeIgniter.php(368): CodeIgniter\CodeIgniter->handleRequest(null, Object(Config\Cache), false)
 7 FCPATH\index.php(67): CodeIgniter\CodeIgniter->run()
CRITICAL - 2023-06-06 06:47:45 --> Invalid file: "auth_register.php"
in SYSTEMPATH\Exceptions\FrameworkException.php on line 33.
 1 SYSTEMPATH\View\View.php(201): CodeIgniter\Exceptions\FrameworkException::forInvalidFile('auth_register.php')
 2 SYSTEMPATH\Common.php(1184): CodeIgniter\View\View->render('auth_register', [], true)
 3 APPPATH\Controllers\Auth.php(16): view('auth_register')
 4 SYSTEMPATH\CodeIgniter.php(934): App\Controllers\Auth->register()
 5 SYSTEMPATH\CodeIgniter.php(499): CodeIgniter\CodeIgniter->runController(Object(App\Controllers\Auth))
 6 SYSTEMPATH\CodeIgniter.php(368): CodeIgniter\CodeIgniter->handleRequest(null, Object(Config\Cache), false)
 7 FCPATH\index.php(67): CodeIgniter\CodeIgniter->run()
CRITICAL - 2023-06-06 06:47:46 --> Invalid file: "auth_register.php"
in SYSTEMPATH\Exceptions\FrameworkException.php on line 33.
 1 SYSTEMPATH\View\View.php(201): CodeIgniter\Exceptions\FrameworkException::forInvalidFile('auth_register.php')
 2 SYSTEMPATH\Common.php(1184): CodeIgniter\View\View->render('auth_register', [], true)
 3 APPPATH\Controllers\Auth.php(16): view('auth_register')
 4 SYSTEMPATH\CodeIgniter.php(934): App\Controllers\Auth->register()
 5 SYSTEMPATH\CodeIgniter.php(499): CodeIgniter\CodeIgniter->runController(Object(App\Controllers\Auth))
 6 SYSTEMPATH\CodeIgniter.php(368): CodeIgniter\CodeIgniter->handleRequest(null, Object(Config\Cache), false)
 7 FCPATH\index.php(67): CodeIgniter\CodeIgniter->run()
CRITICAL - 2023-06-06 06:47:46 --> Invalid file: "auth_register.php"
in SYSTEMPATH\Exceptions\FrameworkException.php on line 33.
 1 SYSTEMPATH\View\View.php(201): CodeIgniter\Exceptions\FrameworkException::forInvalidFile('auth_register.php')
 2 SYSTEMPATH\Common.php(1184): CodeIgniter\View\View->render('auth_register', [], true)
 3 APPPATH\Controllers\Auth.php(16): view('auth_register')
 4 SYSTEMPATH\CodeIgniter.php(934): App\Controllers\Auth->register()
 5 SYSTEMPATH\CodeIgniter.php(499): CodeIgniter\CodeIgniter->runController(Object(App\Controllers\Auth))
 6 SYSTEMPATH\CodeIgniter.php(368): CodeIgniter\CodeIgniter->handleRequest(null, Object(Config\Cache), false)
 7 FCPATH\index.php(67): CodeIgniter\CodeIgniter->run()
CRITICAL - 2023-06-06 06:47:46 --> Invalid file: "auth_register.php"
in SYSTEMPATH\Exceptions\FrameworkException.php on line 33.
 1 SYSTEMPATH\View\View.php(201): CodeIgniter\Exceptions\FrameworkException::forInvalidFile('auth_register.php')
 2 SYSTEMPATH\Common.php(1184): CodeIgniter\View\View->render('auth_register', [], true)
 3 APPPATH\Controllers\Auth.php(16): view('auth_register')
 4 SYSTEMPATH\CodeIgniter.php(934): App\Controllers\Auth->register()
 5 SYSTEMPATH\CodeIgniter.php(499): CodeIgniter\CodeIgniter->runController(Object(App\Controllers\Auth))
 6 SYSTEMPATH\CodeIgniter.php(368): CodeIgniter\CodeIgniter->handleRequest(null, Object(Config\Cache), false)
 7 FCPATH\index.php(67): CodeIgniter\CodeIgniter->run()
CRITICAL - 2023-06-06 06:47:47 --> Invalid file: "auth_register.php"
in SYSTEMPATH\Exceptions\FrameworkException.php on line 33.
 1 SYSTEMPATH\View\View.php(201): CodeIgniter\Exceptions\FrameworkException::forInvalidFile('auth_register.php')
 2 SYSTEMPATH\Common.php(1184): CodeIgniter\View\View->render('auth_register', [], true)
 3 APPPATH\Controllers\Auth.php(16): view('auth_register')
 4 SYSTEMPATH\CodeIgniter.php(934): App\Controllers\Auth->register()
 5 SYSTEMPATH\CodeIgniter.php(499): CodeIgniter\CodeIgniter->runController(Object(App\Controllers\Auth))
 6 SYSTEMPATH\CodeIgniter.php(368): CodeIgniter\CodeIgniter->handleRequest(null, Object(Config\Cache), false)
 7 FCPATH\index.php(67): CodeIgniter\CodeIgniter->run()
CRITICAL - 2023-06-06 06:47:47 --> Invalid file: "auth_register.php"
in SYSTEMPATH\Exceptions\FrameworkException.php on line 33.
 1 SYSTEMPATH\View\View.php(201): CodeIgniter\Exceptions\FrameworkException::forInvalidFile('auth_register.php')
 2 SYSTEMPATH\Common.php(1184): CodeIgniter\View\View->render('auth_register', [], true)
 3 APPPATH\Controllers\Auth.php(16): view('auth_register')
 4 SYSTEMPATH\CodeIgniter.php(934): App\Controllers\Auth->register()
 5 SYSTEMPATH\CodeIgniter.php(499): CodeIgniter\CodeIgniter->runController(Object(App\Controllers\Auth))
 6 SYSTEMPATH\CodeIgniter.php(368): CodeIgniter\CodeIgniter->handleRequest(null, Object(Config\Cache), false)
 7 FCPATH\index.php(67): CodeIgniter\CodeIgniter->run()
